{
  "0 debug pnpm:scope": {
    "selected": 12,
    "total": 12,
    "workspacePrefix": "/Users/zhangyunshan/work/uiDome"
  },
  "1 debug pnpm:package-manifest": {
    "initial": {
      "name": "@wisdom-plus/docs",
      "version": "0.0.1",
      "scripts": {
        "dev": "pnpm gen-locale && vitepress dev .",
        "build": "cross-env NODE_ENV=production && vitepress build .",
        "serve": "cross-env NODE_ENV=production && vitepress serve .",
        "gen-locale": "rimraf .vitepress/i18n && sucrase-node .vitepress/build/crowdin-generate.ts",
        "crowdin-credentials": "sucrase-node .vitepress/build/crowdin-credentials.ts"
      },
      "dependencies": {
        "@vueuse/core": "7.1.0",
        "axios": "0.24.0",
        "clipboard-copy": "4.0.1",
        "wisdom-plus": "npm:wisdom-plus@latest",
        "normalize.css": "8.0.1",
        "nprogress": "0.2.0"
      },
      "devDependencies": {
        "@crowdin/cli": "3.7.2",
        "@types/markdown-it": "12.2.3",
        "cross-env": "7.0.3",
        "markdown-it": "12.2.0",
        "markdown-it-container": "3.0.0",
        "vite-plugin-inspect": "0.3.11",
        "vitepress": "0.18.1"
      }
    },
    "prefix": "/Users/zhangyunshan/work/uiDome/docs"
  },
  "2 debug pnpm:package-manifest": {
    "initial": {
      "name": "@wisdom-plus/components",
      "version": "0.0.5",
      "description": "all components are settled here",
      "peerDependencies": {
        "vue": "^3.2.0"
      },
      "main": "index.ts",
      "module": "index.ts",
      "types": "index.d.ts",
      "unpkg": "index.js",
      "jsdelivr": "index.js",
      "sideEffects": false,
      "gitHead": "c69724230befa8fede0e6b9c37fb0b7e39fd7cdd"
    },
    "prefix": "/Users/zhangyunshan/work/uiDome/packages/components"
  },
  "3 debug pnpm:package-manifest": {
    "initial": {
      "name": "@wisdom-plus/directives",
      "description": "Element Plus directives",
      "version": "0.0.5",
      "main": "index.ts",
      "module": "index.ts",
      "unpkg": "index.js",
      "jsdelivr": "index.js",
      "license": "MIT",
      "peerDependencies": {
        "vue": "^3.2.0"
      },
      "gitHead": "c69724230befa8fede0e6b9c37fb0b7e39fd7cdd"
    },
    "prefix": "/Users/zhangyunshan/work/uiDome/packages/directives"
  },
  "4 debug pnpm:package-manifest": {
    "initial": {
      "name": "wisdom-plus",
      "version": "0.0.0-dev.1",
      "description": "A Component Library for Vue 3",
      "homepage": "https://wisdom-plus.org/",
      "keywords": [
        "wisdom-plus",
        "element",
        "component library",
        "ui framework",
        "ui",
        "vue"
      ],
      "license": "MIT",
      "exports": {
        ".": {
          "require": "./lib/index.js",
          "import": "./es/index.mjs"
        },
        "./es": "./es/index.mjs",
        "./lib": "./lib/index.js",
        "./*": "./*"
      },
      "main": "lib/index.js",
      "module": "es/index.mjs",
      "style": "dist/index.css",
      "unpkg": "dist/index.full.js",
      "jsdelivr": "dist/index.full.js",
      "sideEffects": [
        "dist/*",
        "theme-chalk/*.css",
        "theme-chalk/src/*.scss",
        "es/components/*/style/*",
        "lib/components/*/style/*",
        "lib/components/**/*",
        "es/components/**/*"
      ],
      "repository": {
        "type": "git",
        "url": "git+https://github.com/wisdom-plus/wisdom-plus.git"
      },
      "bugs": {
        "url": "https://github.com/wisdom-plus/wisdom-plus/issues"
      },
      "peerDependencies": {
        "vue": "^3.2.0"
      },
      "dependencies": {
        "@element-plus/icons": "^0.0.11",
        "@popperjs/core": "^2.10.2",
        "@vueuse/core": "^7.0.0",
        "async-validator": "^4.0.7",
        "dayjs": "^1.10.7",
        "lodash": "^4.17.21",
        "memoize-one": "^6.0.0",
        "normalize-wheel-es": "^1.1.1"
      },
      "devDependencies": {
        "@types/node": "*",
        "csstype": "^2.6.0",
        "vue-router": "^4.0.0"
      },
      "vetur": {
        "tags": "tags.json",
        "attributes": "attributes.json"
      },
      "web-types": "web-types.json",
      "browserslist": [
        "> 1%",
        "not ie 11",
        "not op_mini all"
      ]
    },
    "prefix": "/Users/zhangyunshan/work/uiDome/packages/element-plus"
  },
  "5 debug pnpm:package-manifest": {
    "initial": {
      "name": "@wisdom-plus/hooks",
      "description": "Element Plus composables",
      "version": "0.0.5",
      "main": "index.ts",
      "module": "index.ts",
      "unpkg": "index.js",
      "jsdelivr": "index.js",
      "types": "index.d.ts",
      "license": "MIT",
      "peerDependencies": {
        "vue": "^3.2.0"
      },
      "gitHead": "c69724230befa8fede0e6b9c37fb0b7e39fd7cdd"
    },
    "prefix": "/Users/zhangyunshan/work/uiDome/packages/hooks"
  },
  "6 debug pnpm:package-manifest": {
    "initial": {
      "name": "@wisdom-plus/locale",
      "description": "Element Plus locale",
      "version": "0.0.5",
      "main": "index.ts",
      "module": "index.ts",
      "unpkg": "index.js",
      "jsdelivr": "index.js",
      "types": "index.d.ts",
      "license": "MIT",
      "gitHead": "c69724230befa8fede0e6b9c37fb0b7e39fd7cdd"
    },
    "prefix": "/Users/zhangyunshan/work/uiDome/packages/locale"
  },
  "7 debug pnpm:package-manifest": {
    "initial": {
      "name": "@wisdom-plus/test-utils",
      "private": true,
      "version": "0.0.5",
      "main": "dist/index.js",
      "license": "MIT"
    },
    "prefix": "/Users/zhangyunshan/work/uiDome/packages/test-utils"
  },
  "8 debug pnpm:package-manifest": {
    "initial": {
      "name": "@wisdom-plus/theme-chalk",
      "version": "0.1.0",
      "description": "Element component chalk theme.",
      "main": "index.css",
      "unpkg": "index.css",
      "jsdelivr": "index.css",
      "style": "index.css",
      "scripts": {
        "clean": "rimraf dist",
        "build": "gulp --require sucrase/register/ts"
      },
      "repository": {
        "type": "git",
        "url": "git+https://github.com/wisdom-plus/wisdom-plus.git"
      },
      "keywords": [
        "vue-components",
        "wisdom-plus",
        "theme-chalk",
        "theme-light"
      ],
      "author": "yi.shyang@ele.me",
      "license": "MIT",
      "bugs": {
        "url": "https://github.com/wisdom-plus/wisdom-plus#issues"
      },
      "homepage": "https://github.com/wisdom-plus/wisdom-plus/blob/dev/packages/theme-chalk/README.md",
      "devDependencies": {
        "@types/gulp-autoprefixer": "0.0.33",
        "@types/gulp-clean-css": "4.3.0",
        "@types/gulp-rename": "2.0.1",
        "@types/gulp-sass": "5.0.0",
        "gulp-autoprefixer": "8.0.0",
        "gulp-clean-css": "4.3.0",
        "gulp-rename": "2.0.0",
        "gulp-sass": "5.0.0"
      },
      "gitHead": "c69724230befa8fede0e6b9c37fb0b7e39fd7cdd"
    },
    "prefix": "/Users/zhangyunshan/work/uiDome/packages/theme-chalk"
  },
  "9 debug pnpm:package-manifest": {
    "initial": {
      "name": "@wisdom-plus/tokens",
      "version": "0.0.5",
      "license": "MIT",
      "peerDependencies": {
        "vue": "^3.2.0"
      },
      "main": "index.ts",
      "module": "index.ts",
      "types": "index.d.js",
      "unpkg": "index.js",
      "jsdelivr": "index.js",
      "gitHead": "c69724230befa8fede0e6b9c37fb0b7e39fd7cdd"
    },
    "prefix": "/Users/zhangyunshan/work/uiDome/packages/tokens"
  },
  "10 debug pnpm:package-manifest": {
    "initial": {
      "name": "@wisdom-plus/utils",
      "version": "0.0.5",
      "license": "MIT",
      "peerDependencies": {
        "vue": "^3.2.0"
      },
      "gitHead": "c69724230befa8fede0e6b9c37fb0b7e39fd7cdd"
    },
    "prefix": "/Users/zhangyunshan/work/uiDome/packages/utils"
  },
  "11 debug pnpm:package-manifest": {
    "initial": {
      "name": "@wisdom-plus/play",
      "private": true,
      "scripts": {
        "dev": "vite",
        "build": "vite build",
        "preview": "vite preview"
      },
      "dependencies": {
        "@element-plus/icons": "^0.0.11"
      },
      "devDependencies": {
        "@vitejs/plugin-vue": "1.10.0",
        "unplugin-vue-components": "0.17.2",
        "vite": "2.6.14",
        "vite-plugin-inspect": "0.3.11"
      }
    },
    "prefix": "/Users/zhangyunshan/work/uiDome/play"
  },
  "12 debug pnpm:package-manifest": {
    "initial": {
      "name": "uidome",
      "version": "1.0.0",
      "description": "",
      "main": "index.js",
      "scripts": {
        "dev": "pnpm -C play dev",
        "build": "gulp --require sucrase/register/ts -f build/gulpfile.ts",
        "build:theme": "pnpm run build -C packages/theme-chalk",
        "clean": "pnpm run clean:lib && pnpm run clean -r --stream",
        "clean:lib": "rimraf dist",
        "docs:dev": "pnpm run -C docs dev",
        "docs:build": "pnpm run -C docs build",
        "docs:serve": "pnpm run -C docs serve"
      },
      "repository": {
        "type": "git",
        "url": "git+https://github.com/zys8119/uiDome.git"
      },
      "author": "",
      "license": "ISC",
      "bugs": {
        "url": "https://github.com/zys8119/uiDome/issues"
      },
      "homepage": "https://github.com/zys8119/uiDome#readme",
      "engines": {
        "node": ">= 16"
      },
      "packageManager": "pnpm@6.23.2",
      "workspaces": [
        "packages/*",
        "play",
        "docs"
      ],
      "peerDependencies": {
        "vue": "^3.2.0"
      },
      "dependencies": {
        "@wisdom-plus/components": "workspace:*",
        "@wisdom-plus/directives": "workspace:*",
        "@wisdom-plus/hooks": "workspace:*",
        "@element-plus/icons": "^0.0.11",
        "@wisdom-plus/locale": "workspace:*",
        "@wisdom-plus/test-utils": "workspace:*",
        "@wisdom-plus/theme-chalk": "workspace:*",
        "@wisdom-plus/tokens": "workspace:*",
        "@wisdom-plus/utils": "workspace:*",
        "@popperjs/core": "^2.10.2",
        "@vueuse/core": "^7.0.0",
        "async-validator": "^4.0.7",
        "dayjs": "^1.10.7",
        "lodash": "^4.17.21",
        "memoize-one": "^6.0.0",
        "normalize-wheel-es": "^1.1.1"
      },
      "devDependencies": {
        "@pnpm/find-workspace-packages": "^3.1.26",
        "@pnpm/logger": "^4.0.0",
        "@pnpm/types": "^7.6.0",
        "@rollup/plugin-commonjs": "^21.0.1",
        "@rollup/plugin-node-resolve": "^13.0.6",
        "@rollup/plugin-replace": "^3.0.0",
        "@types/sass": "^1.43.1",
        "chalk": "4.1.2",
        "components-helper": "^1.0.4",
        "esbuild": "^0.14.0",
        "fast-glob": "3.2.7",
        "gulp": "^4.0.2",
        "gulp-typescript": "^6.0.0-alpha.1",
        "rimraf": "^3.0.2",
        "rollup": "^2.60.1",
        "rollup-plugin-css-only": "^3.1.0",
        "rollup-plugin-esbuild": "^4.7.2",
        "rollup-plugin-filesize": "^9.1.1",
        "rollup-plugin-vue": "^6.0.0",
        "sass": "^1.43.5",
        "sucrase": "^3.20.3",
        "ts-morph": "^13.0.2",
        "typescript": "^4.5.2",
        "vue": "3.2.22",
        "vue-jest": "5.0.0-alpha.10",
        "vue-router": "4.0.12",
        "vue-tsc": "0.29.6"
      }
    },
    "prefix": "/Users/zhangyunshan/work/uiDome"
  },
  "13 debug pnpm:context": {
    "currentLockfileExists": false,
    "storeDir": "/Users/zhangyunshan/.pnpm-store/v3",
    "virtualStoreDir": "/Users/zhangyunshan/work/uiDome/node_modules/.pnpm"
  },
  "14 debug pnpm:stage": {
    "prefix": "/Users/zhangyunshan/work/uiDome",
    "stage": "resolution_started"
  },
  "15 debug pnpm:_dependency_resolved": {
    "resolution": "registry.npmjs.org/cross-env/7.0.3",
    "wanted": {
      "dependentId": "docs",
      "name": "cross-env",
      "rawSpec": "7.0.3"
    }
  },
  "16 debug pnpm:progress": {
    "packageId": "registry.npmjs.org/cross-env/7.0.3",
    "requester": "/Users/zhangyunshan/work/uiDome",
    "status": "resolved"
  },
  "17 debug pnpm:_dependency_resolved": {
    "resolution": "registry.npmjs.org/markdown-it-container/3.0.0",
    "wanted": {
      "dependentId": "docs",
      "name": "markdown-it-container",
      "rawSpec": "3.0.0"
    }
  },
  "18 debug pnpm:progress": {
    "packageId": "registry.npmjs.org/markdown-it-container/3.0.0",
    "requester": "/Users/zhangyunshan/work/uiDome",
    "status": "resolved"
  },
  "19 debug pnpm:_dependency_resolved": {
    "resolution": "registry.npmjs.org/markdown-it/12.2.0",
    "wanted": {
      "dependentId": "docs",
      "name": "markdown-it",
      "rawSpec": "12.2.0"
    }
  },
  "20 debug pnpm:progress": {
    "packageId": "registry.npmjs.org/markdown-it/12.2.0",
    "requester": "/Users/zhangyunshan/work/uiDome",
    "status": "resolved"
  },
  "21 debug pnpm:_dependency_resolved": {
    "resolution": "registry.npmjs.org/@crowdin/cli/3.7.2",
    "wanted": {
      "dependentId": "docs",
      "name": "@crowdin/cli",
      "rawSpec": "3.7.2"
    }
  },
  "22 debug pnpm:progress": {
    "packageId": "registry.npmjs.org/@crowdin/cli/3.7.2",
    "requester": "/Users/zhangyunshan/work/uiDome",
    "status": "resolved"
  },
  "23 debug pnpm:_dependency_resolved": {
    "resolution": "registry.npmjs.org/vitepress/0.18.1",
    "wanted": {
      "dependentId": "docs",
      "name": "vitepress",
      "rawSpec": "0.18.1"
    }
  },
  "24 debug pnpm:progress": {
    "packageId": "registry.npmjs.org/vitepress/0.18.1",
    "requester": "/Users/zhangyunshan/work/uiDome",
    "status": "resolved"
  },
  "25 debug pnpm:_dependency_resolved": {
    "resolution": "registry.npmjs.org/clipboard-copy/4.0.1",
    "wanted": {
      "dependentId": "docs",
      "name": "clipboard-copy",
      "rawSpec": "4.0.1"
    }
  },
  "26 debug pnpm:progress": {
    "packageId": "registry.npmjs.org/clipboard-copy/4.0.1",
    "requester": "/Users/zhangyunshan/work/uiDome",
    "status": "resolved"
  },
  "27 debug pnpm:_dependency_resolved": {
    "resolution": "registry.npmjs.org/vite-plugin-inspect/0.3.11",
    "wanted": {
      "dependentId": "docs",
      "name": "vite-plugin-inspect",
      "rawSpec": "0.3.11"
    }
  },
  "28 debug pnpm:progress": {
    "packageId": "registry.npmjs.org/vite-plugin-inspect/0.3.11",
    "requester": "/Users/zhangyunshan/work/uiDome",
    "status": "resolved"
  },
  "29 debug pnpm:_dependency_resolved": {
    "resolution": "registry.npmjs.org/normalize.css/8.0.1",
    "wanted": {
      "dependentId": "docs",
      "name": "normalize.css",
      "rawSpec": "8.0.1"
    }
  },
  "30 debug pnpm:progress": {
    "packageId": "registry.npmjs.org/normalize.css/8.0.1",
    "requester": "/Users/zhangyunshan/work/uiDome",
    "status": "resolved"
  },
  "31 debug pnpm:_dependency_resolved": {
    "resolution": "registry.npmjs.org/nprogress/0.2.0",
    "wanted": {
      "dependentId": "docs",
      "name": "nprogress",
      "rawSpec": "0.2.0"
    }
  },
  "32 debug pnpm:progress": {
    "packageId": "registry.npmjs.org/nprogress/0.2.0",
    "requester": "/Users/zhangyunshan/work/uiDome",
    "status": "resolved"
  },
  "33 debug pnpm:_dependency_resolved": {
    "resolution": "registry.npmjs.org/@types/markdown-it/12.2.3",
    "wanted": {
      "dependentId": "docs",
      "name": "@types/markdown-it",
      "rawSpec": "12.2.3"
    }
  },
  "34 debug pnpm:progress": {
    "packageId": "registry.npmjs.org/@types/markdown-it/12.2.3",
    "requester": "/Users/zhangyunshan/work/uiDome",
    "status": "resolved"
  },
  "35 debug pnpm:_dependency_resolved": {
    "resolution": "registry.npmjs.org/axios/0.24.0",
    "wanted": {
      "dependentId": "docs",
      "name": "axios",
      "rawSpec": "0.24.0"
    }
  },
  "36 debug pnpm:progress": {
    "packageId": "registry.npmjs.org/axios/0.24.0",
    "requester": "/Users/zhangyunshan/work/uiDome",
    "status": "resolved"
  },
  "37 debug pnpm:_dependency_resolved": {
    "resolution": "registry.npmjs.org/@vueuse/core/7.1.0",
    "wanted": {
      "dependentId": "docs",
      "name": "@vueuse/core",
      "rawSpec": "7.1.0"
    }
  },
  "38 debug pnpm:progress": {
    "packageId": "registry.npmjs.org/@vueuse/core/7.1.0",
    "requester": "/Users/zhangyunshan/work/uiDome",
    "status": "resolved"
  },
  "39 debug pnpm:_dependency_resolved": {
    "resolution": "registry.npmjs.org/@types/gulp-autoprefixer/0.0.33",
    "wanted": {
      "dependentId": "packages/theme-chalk",
      "name": "@types/gulp-autoprefixer",
      "rawSpec": "0.0.33"
    }
  },
  "40 debug pnpm:progress": {
    "packageId": "registry.npmjs.org/@types/gulp-autoprefixer/0.0.33",
    "requester": "/Users/zhangyunshan/work/uiDome",
    "status": "resolved"
  },
  "41 debug pnpm:_dependency_resolved": {
    "resolution": "registry.npmjs.org/@types/gulp-clean-css/4.3.0",
    "wanted": {
      "dependentId": "packages/theme-chalk",
      "name": "@types/gulp-clean-css",
      "rawSpec": "4.3.0"
    }
  },
  "42 debug pnpm:progress": {
    "packageId": "registry.npmjs.org/@types/gulp-clean-css/4.3.0",
    "requester": "/Users/zhangyunshan/work/uiDome",
    "status": "resolved"
  },
  "43 debug pnpm:_dependency_resolved": {
    "resolution": "registry.npmjs.org/@types/gulp-rename/2.0.1",
    "wanted": {
      "dependentId": "packages/theme-chalk",
      "name": "@types/gulp-rename",
      "rawSpec": "2.0.1"
    }
  },
  "44 debug pnpm:progress": {
    "packageId": "registry.npmjs.org/@types/gulp-rename/2.0.1",
    "requester": "/Users/zhangyunshan/work/uiDome",
    "status": "resolved"
  },
  "45 debug pnpm:_dependency_resolved": {
    "resolution": "registry.npmjs.org/@types/gulp-sass/5.0.0",
    "wanted": {
      "dependentId": "packages/theme-chalk",
      "name": "@types/gulp-sass",
      "rawSpec": "5.0.0"
    }
  },
  "46 debug pnpm:progress": {
    "packageId": "registry.npmjs.org/@types/gulp-sass/5.0.0",
    "requester": "/Users/zhangyunshan/work/uiDome",
    "status": "resolved"
  },
  "47 debug pnpm:progress": {
    "packageId": "registry.npmjs.org/cross-env/7.0.3",
    "requester": "/Users/zhangyunshan/work/uiDome",
    "status": "found_in_store"
  },
  "48 debug pnpm:_dependency_resolved": {
    "resolution": "registry.npmjs.org/gulp-autoprefixer/8.0.0",
    "wanted": {
      "dependentId": "packages/theme-chalk",
      "name": "gulp-autoprefixer",
      "rawSpec": "8.0.0"
    }
  },
  "49 debug pnpm:progress": {
    "packageId": "registry.npmjs.org/gulp-autoprefixer/8.0.0",
    "requester": "/Users/zhangyunshan/work/uiDome",
    "status": "resolved"
  },
  "50 debug pnpm:progress": {
    "packageId": "registry.npmjs.org/markdown-it-container/3.0.0",
    "requester": "/Users/zhangyunshan/work/uiDome",
    "status": "found_in_store"
  },
  "51 debug pnpm:_dependency_resolved": {
    "resolution": "registry.npmjs.org/gulp-rename/2.0.0",
    "wanted": {
      "dependentId": "packages/theme-chalk",
      "name": "gulp-rename",
      "rawSpec": "2.0.0"
    }
  },
  "52 debug pnpm:progress": {
    "packageId": "registry.npmjs.org/gulp-rename/2.0.0",
    "requester": "/Users/zhangyunshan/work/uiDome",
    "status": "resolved"
  },
  "53 debug pnpm:_dependency_resolved": {
    "resolution": "registry.npmjs.org/gulp-sass/5.0.0",
    "wanted": {
      "dependentId": "packages/theme-chalk",
      "name": "gulp-sass",
      "rawSpec": "5.0.0"
    }
  },
  "54 debug pnpm:progress": {
    "packageId": "registry.npmjs.org/gulp-sass/5.0.0",
    "requester": "/Users/zhangyunshan/work/uiDome",
    "status": "resolved"
  },
  "55 debug pnpm:_dependency_resolved": {
    "resolution": "registry.npmjs.org/gulp-clean-css/4.3.0",
    "wanted": {
      "dependentId": "packages/theme-chalk",
      "name": "gulp-clean-css",
      "rawSpec": "4.3.0"
    }
  },
  "56 debug pnpm:progress": {
    "packageId": "registry.npmjs.org/gulp-clean-css/4.3.0",
    "requester": "/Users/zhangyunshan/work/uiDome",
    "status": "resolved"
  },
  "57 debug pnpm:_dependency_resolved": {
    "resolution": "registry.npmjs.org/@vitejs/plugin-vue/1.10.0",
    "wanted": {
      "dependentId": "play",
      "name": "@vitejs/plugin-vue",
      "rawSpec": "1.10.0"
    }
  },
  "58 debug pnpm:progress": {
    "packageId": "registry.npmjs.org/@vitejs/plugin-vue/1.10.0",
    "requester": "/Users/zhangyunshan/work/uiDome",
    "status": "resolved"
  },
  "59 debug pnpm:progress": {
    "packageId": "registry.npmjs.org/markdown-it/12.2.0",
    "requester": "/Users/zhangyunshan/work/uiDome",
    "status": "found_in_store"
  },
  "60 debug pnpm:progress": {
    "packageId": "registry.npmjs.org/@crowdin/cli/3.7.2",
    "requester": "/Users/zhangyunshan/work/uiDome",
    "status": "found_in_store"
  },
  "61 debug pnpm:progress": {
    "packageId": "registry.npmjs.org/clipboard-copy/4.0.1",
    "requester": "/Users/zhangyunshan/work/uiDome",
    "status": "found_in_store"
  },
  "62 debug pnpm:_dependency_resolved": {
    "resolution": "registry.npmjs.org/unplugin-vue-components/0.17.2",
    "wanted": {
      "dependentId": "play",
      "name": "unplugin-vue-components",
      "rawSpec": "0.17.2"
    }
  },
  "63 debug pnpm:progress": {
    "packageId": "registry.npmjs.org/unplugin-vue-components/0.17.2",
    "requester": "/Users/zhangyunshan/work/uiDome",
    "status": "resolved"
  },
  "64 debug pnpm:_dependency_resolved": {
    "resolution": "registry.npmjs.org/vite-plugin-inspect/0.3.11",
    "wanted": {
      "dependentId": "play",
      "name": "vite-plugin-inspect",
      "rawSpec": "0.3.11"
    }
  },
  "65 debug pnpm:progress": {
    "packageId": "registry.npmjs.org/vite-plugin-inspect/0.3.11",
    "requester": "/Users/zhangyunshan/work/uiDome",
    "status": "found_in_store"
  },
  "66 debug pnpm:progress": {
    "packageId": "registry.npmjs.org/normalize.css/8.0.1",
    "requester": "/Users/zhangyunshan/work/uiDome",
    "status": "found_in_store"
  },
  "67 debug pnpm:progress": {
    "packageId": "registry.npmjs.org/nprogress/0.2.0",
    "requester": "/Users/zhangyunshan/work/uiDome",
    "status": "found_in_store"
  },
  "68 debug pnpm:_dependency_resolved": {
    "resolution": "registry.npmjs.org/vite/2.6.14",
    "wanted": {
      "dependentId": "play",
      "name": "vite",
      "rawSpec": "2.6.14"
    }
  },
  "69 debug pnpm:progress": {
    "packageId": "registry.npmjs.org/vite/2.6.14",
    "requester": "/Users/zhangyunshan/work/uiDome",
    "status": "resolved"
  },
  "70 debug pnpm:progress": {
    "packageId": "registry.npmjs.org/@types/markdown-it/12.2.3",
    "requester": "/Users/zhangyunshan/work/uiDome",
    "status": "found_in_store"
  },
  "71 debug pnpm:progress": {
    "packageId": "registry.npmjs.org/vitepress/0.18.1",
    "requester": "/Users/zhangyunshan/work/uiDome",
    "status": "found_in_store"
  },
  "72 debug pnpm:progress": {
    "packageId": "registry.npmjs.org/axios/0.24.0",
    "requester": "/Users/zhangyunshan/work/uiDome",
    "status": "found_in_store"
  },
  "73 debug pnpm:progress": {
    "packageId": "registry.npmjs.org/@types/gulp-autoprefixer/0.0.33",
    "requester": "/Users/zhangyunshan/work/uiDome",
    "status": "found_in_store"
  },
  "74 debug pnpm:progress": {
    "packageId": "registry.npmjs.org/@vueuse/core/7.1.0",
    "requester": "/Users/zhangyunshan/work/uiDome",
    "status": "found_in_store"
  },
  "75 debug pnpm:progress": {
    "packageId": "registry.npmjs.org/@types/gulp-clean-css/4.3.0",
    "requester": "/Users/zhangyunshan/work/uiDome",
    "status": "found_in_store"
  },
  "76 debug pnpm:progress": {
    "packageId": "registry.npmjs.org/@types/gulp-rename/2.0.1",
    "requester": "/Users/zhangyunshan/work/uiDome",
    "status": "found_in_store"
  },
  "77 debug pnpm:progress": {
    "packageId": "registry.npmjs.org/@types/gulp-sass/5.0.0",
    "requester": "/Users/zhangyunshan/work/uiDome",
    "status": "found_in_store"
  },
  "78 debug pnpm:progress": {
    "packageId": "registry.npmjs.org/gulp-autoprefixer/8.0.0",
    "requester": "/Users/zhangyunshan/work/uiDome",
    "status": "found_in_store"
  },
  "79 debug pnpm:progress": {
    "packageId": "registry.npmjs.org/gulp-rename/2.0.0",
    "requester": "/Users/zhangyunshan/work/uiDome",
    "status": "found_in_store"
  },
  "80 debug pnpm:progress": {
    "packageId": "registry.npmjs.org/gulp-sass/5.0.0",
    "requester": "/Users/zhangyunshan/work/uiDome",
    "status": "found_in_store"
  },
  "81 debug pnpm:progress": {
    "packageId": "registry.npmjs.org/gulp-clean-css/4.3.0",
    "requester": "/Users/zhangyunshan/work/uiDome",
    "status": "found_in_store"
  },
  "82 debug pnpm:progress": {
    "packageId": "registry.npmjs.org/@vitejs/plugin-vue/1.10.0",
    "requester": "/Users/zhangyunshan/work/uiDome",
    "status": "found_in_store"
  },
  "83 debug pnpm:progress": {
    "packageId": "registry.npmjs.org/unplugin-vue-components/0.17.2",
    "requester": "/Users/zhangyunshan/work/uiDome",
    "status": "found_in_store"
  },
  "84 debug pnpm:progress": {
    "packageId": "registry.npmjs.org/vite/2.6.14",
    "requester": "/Users/zhangyunshan/work/uiDome",
    "status": "found_in_store"
  },
  "85 debug pnpm:_dependency_resolved": {
    "resolution": "registry.npmjs.org/normalize-wheel-es/1.1.1",
    "wanted": {
      "dependentId": "packages/element-plus",
      "name": "normalize-wheel-es",
      "rawSpec": "^1.1.1"
    }
  },
  "86 debug pnpm:progress": {
    "packageId": "registry.npmjs.org/normalize-wheel-es/1.1.1",
    "requester": "/Users/zhangyunshan/work/uiDome",
    "status": "resolved"
  },
  "87 debug pnpm:progress": {
    "packageId": "registry.npmjs.org/normalize-wheel-es/1.1.1",
    "requester": "/Users/zhangyunshan/work/uiDome",
    "status": "found_in_store"
  },
  "88 debug pnpm:_dependency_resolved": {
    "resolution": "registry.npmjs.org/lodash/4.17.21",
    "wanted": {
      "dependentId": "packages/element-plus",
      "name": "lodash",
      "rawSpec": "^4.17.21"
    }
  },
  "89 debug pnpm:progress": {
    "packageId": "registry.npmjs.org/lodash/4.17.21",
    "requester": "/Users/zhangyunshan/work/uiDome",
    "status": "resolved"
  },
  "90 error pnpm": {
    "code": "ERR_PNPM_FETCH_404",
    "hint": "@element-plus/icons is not in the npm registry, or you have no permission to fetch it.\n\nAn authorization header was used: Bearer npm_[hidden]",
    "request": {
      "authHeaderValue": "Bearer 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",
      "url": "https://registry.npmjs.org/@wisdom-plus%2Ficons"
    },
    "response": {
      "size": 0
    },
    "pkgName": "@element-plus/icons",
    "pkgsStack": [],
    "err": {
      "name": "pnpm",
      "message": "GET https://registry.npmjs.org/@wisdom-plus%2Ficons: Not Found - 404",
      "code": "ERR_PNPM_FETCH_404",
      "stack": "pnpm: GET https://registry.npmjs.org/@wisdom-plus%2Ficons: Not Found - 404\n    at RetryOperation._fn (/usr/local/lib/node_modules/pnpm/dist/pnpm.cjs:84952:18)\n    at processTicksAndRejections (node:internal/process/task_queues:96:5)"
    }
  }
}